tmp
INFO 2024-07-14 17:46:45,760 fetchOHLCV fetch_concat_crypto_data((<bound method fetchOHLCV.fetch_cryptocompare_minute_data of <clthistoricaldata.logical.fetchOHLCV.fetchOHLCV object at 0x7f2135653e90>>, 5))
 message: fetched data successfully.

INFO 2024-07-14 17:46:52,770 fetchOHLCV fetch_concat_crypto_data((<bound method fetchOHLCV.fetch_cryptocompare_minute_data of <clthistoricaldata.logical.fetchOHLCV.fetchOHLCV object at 0x7f2135653e90>>, 15))
 message: fetched data successfully.

INFO 2024-07-14 17:46:56,338 fetchOHLCV fetch_concat_crypto_data((<bound method fetchOHLCV.fetch_cryptocompare_hour_data of <clthistoricaldata.logical.fetchOHLCV.fetchOHLCV object at 0x7f2135653e90>>, 1))
 message: fetched data successfully.

INFO 2024-07-14 17:47:02,606 fetchOHLCV fetch_concat_crypto_data((<bound method fetchOHLCV.fetch_cryptocompare_hour_data of <clthistoricaldata.logical.fetchOHLCV.fetchOHLCV object at 0x7f2135653e90>>, 4))
 message: fetched data successfully.

INFO 2024-07-14 17:47:07,902 fetchOHLCV fetch_concat_crypto_data((<bound method fetchOHLCV.fetch_cryptocompare_daily_data of <clthistoricaldata.logical.fetchOHLCV.fetchOHLCV object at 0x7f2135653e90>>, 1))
 message: fetched data successfully.

INFO 2024-07-14 18:07:52,411 fetchOHLCV fetch_concat_crypto_data((<bound method fetchOHLCV.fetch_cryptocompare_minute_data of <clthistoricaldata.logical.fetchOHLCV.fetchOHLCV object at 0x7f3164df8390>>, 5))
 message: fetched data successfully.

INFO 2024-07-14 18:09:09,606 fetchOHLCV fetch_concat_crypto_data((<bound method fetchOHLCV.fetch_cryptocompare_minute_data of <clthistoricaldata.logical.fetchOHLCV.fetchOHLCV object at 0x7f3164df8390>>, 15))
 message: fetched data successfully.

INFO 2024-07-14 18:09:27,890 fetchOHLCV fetch_concat_crypto_data((<bound method fetchOHLCV.fetch_cryptocompare_hour_data of <clthistoricaldata.logical.fetchOHLCV.fetchOHLCV object at 0x7f3164df8390>>, 1))
 message: fetched data successfully.

INFO 2024-07-14 18:09:48,430 fetchOHLCV fetch_concat_crypto_data((<bound method fetchOHLCV.fetch_cryptocompare_hour_data of <clthistoricaldata.logical.fetchOHLCV.fetchOHLCV object at 0x7f3164df8390>>, 4))
 message: fetched data successfully.

INFO 2024-07-14 18:10:03,992 fetchOHLCV fetch_concat_crypto_data((<bound method fetchOHLCV.fetch_cryptocompare_daily_data of <clthistoricaldata.logical.fetchOHLCV.fetchOHLCV object at 0x7f3164df8390>>, 1))
 message: fetched data successfully.

INFO 2024-07-14 18:21:57,042 fetchOHLCV fetch_concat_crypto_data((<bound method fetchOHLCV.fetch_cryptocompare_minute_data of <clthistoricaldata.logical.fetchOHLCV.fetchOHLCV object at 0x7f7b91100510>>, 5))
 message: fetched data successfully.

INFO 2024-07-14 18:22:02,414 fetchOHLCV fetch_concat_crypto_data((<bound method fetchOHLCV.fetch_cryptocompare_minute_data of <clthistoricaldata.logical.fetchOHLCV.fetchOHLCV object at 0x7f7b91100510>>, 15))
 message: fetched data successfully.

INFO 2024-07-14 18:22:05,279 fetchOHLCV fetch_concat_crypto_data((<bound method fetchOHLCV.fetch_cryptocompare_hour_data of <clthistoricaldata.logical.fetchOHLCV.fetchOHLCV object at 0x7f7b91100510>>, 1))
 message: fetched data successfully.

INFO 2024-07-14 18:22:09,437 fetchOHLCV fetch_concat_crypto_data((<bound method fetchOHLCV.fetch_cryptocompare_hour_data of <clthistoricaldata.logical.fetchOHLCV.fetchOHLCV object at 0x7f7b91100510>>, 4))
 message: fetched data successfully.

INFO 2024-07-14 18:22:18,978 fetchOHLCV fetch_concat_crypto_data((<bound method fetchOHLCV.fetch_cryptocompare_daily_data of <clthistoricaldata.logical.fetchOHLCV.fetchOHLCV object at 0x7f7b91100510>>, 1))
 message: fetched data successfully.

INFO 2024-07-14 18:36:00,339 fetchOHLCV fetch_concat_crypto_data((<bound method fetchOHLCV.fetch_cryptocompare_minute_data of <clthistoricaldata.logical.fetchOHLCV.fetchOHLCV object at 0x7f975f921710>>, 5))
 message: fetched data successfully.

INFO 2024-07-14 18:36:05,263 fetchOHLCV fetch_concat_crypto_data((<bound method fetchOHLCV.fetch_cryptocompare_minute_data of <clthistoricaldata.logical.fetchOHLCV.fetchOHLCV object at 0x7f975f921710>>, 15))
 message: fetched data successfully.

INFO 2024-07-14 18:36:10,535 fetchOHLCV fetch_concat_crypto_data((<bound method fetchOHLCV.fetch_cryptocompare_hour_data of <clthistoricaldata.logical.fetchOHLCV.fetchOHLCV object at 0x7f975f921710>>, 1))
 message: fetched data successfully.

INFO 2024-07-14 18:36:16,030 fetchOHLCV fetch_concat_crypto_data((<bound method fetchOHLCV.fetch_cryptocompare_hour_data of <clthistoricaldata.logical.fetchOHLCV.fetchOHLCV object at 0x7f975f921710>>, 4))
 message: fetched data successfully.

INFO 2024-07-14 18:36:18,982 fetchOHLCV fetch_concat_crypto_data((<bound method fetchOHLCV.fetch_cryptocompare_daily_data of <clthistoricaldata.logical.fetchOHLCV.fetchOHLCV object at 0x7f975f921710>>, 1))
 message: fetched data successfully.

INFO 2024-07-14 18:41:18,600 fetchOHLCV fetch_concat_crypto_data((<bound method fetchOHLCV.fetch_cryptocompare_minute_data of <clthistoricaldata.logical.fetchOHLCV.fetchOHLCV object at 0x7f1cfc6fb950>>, 5))
 message: fetched data successfully.

INFO 2024-07-14 18:41:25,026 fetchOHLCV fetch_concat_crypto_data((<bound method fetchOHLCV.fetch_cryptocompare_minute_data of <clthistoricaldata.logical.fetchOHLCV.fetchOHLCV object at 0x7f1cfc6fb950>>, 15))
 message: fetched data successfully.

INFO 2024-07-14 18:41:27,913 fetchOHLCV fetch_concat_crypto_data((<bound method fetchOHLCV.fetch_cryptocompare_hour_data of <clthistoricaldata.logical.fetchOHLCV.fetchOHLCV object at 0x7f1cfc6fb950>>, 1))
 message: fetched data successfully.

INFO 2024-07-14 18:41:33,477 fetchOHLCV fetch_concat_crypto_data((<bound method fetchOHLCV.fetch_cryptocompare_hour_data of <clthistoricaldata.logical.fetchOHLCV.fetchOHLCV object at 0x7f1cfc6fb950>>, 4))
 message: fetched data successfully.

INFO 2024-07-14 18:41:36,239 fetchOHLCV fetch_concat_crypto_data((<bound method fetchOHLCV.fetch_cryptocompare_daily_data of <clthistoricaldata.logical.fetchOHLCV.fetchOHLCV object at 0x7f1cfc6fb950>>, 1))
 message: fetched data successfully.

INFO 2024-07-14 18:41:57,517 fetchOHLCV fetch_concat_crypto_data((<bound method fetchOHLCV.fetch_cryptocompare_minute_data of <clthistoricaldata.logical.fetchOHLCV.fetchOHLCV object at 0x7f1cde301750>>, 5))
 message: fetched data successfully.

INFO 2024-07-14 18:42:03,957 fetchOHLCV fetch_concat_crypto_data((<bound method fetchOHLCV.fetch_cryptocompare_minute_data of <clthistoricaldata.logical.fetchOHLCV.fetchOHLCV object at 0x7f1cde301750>>, 15))
 message: fetched data successfully.

INFO 2024-07-14 18:42:06,938 fetchOHLCV fetch_concat_crypto_data((<bound method fetchOHLCV.fetch_cryptocompare_hour_data of <clthistoricaldata.logical.fetchOHLCV.fetchOHLCV object at 0x7f1cde301750>>, 1))
 message: fetched data successfully.

INFO 2024-07-14 18:42:12,959 fetchOHLCV fetch_concat_crypto_data((<bound method fetchOHLCV.fetch_cryptocompare_hour_data of <clthistoricaldata.logical.fetchOHLCV.fetchOHLCV object at 0x7f1cde301750>>, 4))
 message: fetched data successfully.

INFO 2024-07-14 18:42:16,326 fetchOHLCV fetch_concat_crypto_data((<bound method fetchOHLCV.fetch_cryptocompare_daily_data of <clthistoricaldata.logical.fetchOHLCV.fetchOHLCV object at 0x7f1cde301750>>, 1))
 message: fetched data successfully.

INFO 2024-07-14 18:55:11,807 fetchOHLCV fetch_concat_crypto_data((<bound method fetchOHLCV.fetch_cryptocompare_minute_data of <clthistoricaldata.logical.fetchOHLCV.fetchOHLCV object at 0x7fcba9d0af10>>, 5))
 message: fetched data successfully.

INFO 2024-07-14 18:55:41,676 fetchOHLCV fetch_concat_crypto_data((<bound method fetchOHLCV.fetch_cryptocompare_minute_data of <clthistoricaldata.logical.fetchOHLCV.fetchOHLCV object at 0x7ff59790d8d0>>, 5))
 message: fetched data successfully.

INFO 2024-07-14 18:55:49,115 fetchOHLCV fetch_concat_crypto_data((<bound method fetchOHLCV.fetch_cryptocompare_minute_data of <clthistoricaldata.logical.fetchOHLCV.fetchOHLCV object at 0x7ff59790d8d0>>, 15))
 message: fetched data successfully.

INFO 2024-07-14 18:55:55,092 fetchOHLCV fetch_concat_crypto_data((<bound method fetchOHLCV.fetch_cryptocompare_hour_data of <clthistoricaldata.logical.fetchOHLCV.fetchOHLCV object at 0x7ff59790d8d0>>, 1))
 message: fetched data successfully.

INFO 2024-07-14 18:56:01,784 fetchOHLCV fetch_concat_crypto_data((<bound method fetchOHLCV.fetch_cryptocompare_hour_data of <clthistoricaldata.logical.fetchOHLCV.fetchOHLCV object at 0x7ff59790d8d0>>, 4))
 message: fetched data successfully.

INFO 2024-07-14 18:56:10,337 fetchOHLCV fetch_concat_crypto_data((<bound method fetchOHLCV.fetch_cryptocompare_daily_data of <clthistoricaldata.logical.fetchOHLCV.fetchOHLCV object at 0x7ff59790d8d0>>, 1))
 message: fetched data successfully.

WARNING 2024-07-14 18:56:48,634 shortIndicators get_Data_Ready_For_Indicator() raised warning. 
 Exception: tuple indices must be integers or slices, not str
INFO 2024-07-14 18:57:11,180 fetchOHLCV fetch_concat_crypto_data((<bound method fetchOHLCV.fetch_cryptocompare_minute_data of <clthistoricaldata.logical.fetchOHLCV.fetchOHLCV object at 0x7fcf639e3550>>, 5))
 message: fetched data successfully.

INFO 2024-07-14 18:57:21,627 fetchOHLCV fetch_concat_crypto_data((<bound method fetchOHLCV.fetch_cryptocompare_minute_data of <clthistoricaldata.logical.fetchOHLCV.fetchOHLCV object at 0x7fcf639e3550>>, 15))
 message: fetched data successfully.

INFO 2024-07-14 18:57:24,530 fetchOHLCV fetch_concat_crypto_data((<bound method fetchOHLCV.fetch_cryptocompare_hour_data of <clthistoricaldata.logical.fetchOHLCV.fetchOHLCV object at 0x7fcf639e3550>>, 1))
 message: fetched data successfully.

INFO 2024-07-14 18:57:29,406 fetchOHLCV fetch_concat_crypto_data((<bound method fetchOHLCV.fetch_cryptocompare_hour_data of <clthistoricaldata.logical.fetchOHLCV.fetchOHLCV object at 0x7fcf639e3550>>, 4))
 message: fetched data successfully.

INFO 2024-07-14 18:57:32,727 fetchOHLCV fetch_concat_crypto_data((<bound method fetchOHLCV.fetch_cryptocompare_daily_data of <clthistoricaldata.logical.fetchOHLCV.fetchOHLCV object at 0x7fcf639e3550>>, 1))
 message: fetched data successfully.

INFO 2024-07-14 19:01:48,648 fetchOHLCV fetch_concat_crypto_data((<bound method fetchOHLCV.fetch_cryptocompare_minute_data of <clthistoricaldata.logical.fetchOHLCV.fetchOHLCV object at 0x7f772e359350>>, 5))
 message: fetched data successfully.

INFO 2024-07-14 19:01:59,829 fetchOHLCV fetch_concat_crypto_data((<bound method fetchOHLCV.fetch_cryptocompare_minute_data of <clthistoricaldata.logical.fetchOHLCV.fetchOHLCV object at 0x7f772e359350>>, 15))
 message: fetched data successfully.

INFO 2024-07-14 19:02:03,304 fetchOHLCV fetch_concat_crypto_data((<bound method fetchOHLCV.fetch_cryptocompare_hour_data of <clthistoricaldata.logical.fetchOHLCV.fetchOHLCV object at 0x7f772e359350>>, 1))
 message: fetched data successfully.

INFO 2024-07-14 19:02:08,307 fetchOHLCV fetch_concat_crypto_data((<bound method fetchOHLCV.fetch_cryptocompare_hour_data of <clthistoricaldata.logical.fetchOHLCV.fetchOHLCV object at 0x7f772e359350>>, 4))
 message: fetched data successfully.

INFO 2024-07-14 19:02:12,506 fetchOHLCV fetch_concat_crypto_data((<bound method fetchOHLCV.fetch_cryptocompare_daily_data of <clthistoricaldata.logical.fetchOHLCV.fetchOHLCV object at 0x7f772e359350>>, 1))
 message: fetched data successfully.

INFO 2024-07-14 19:04:02,651 fetchOHLCV fetch_concat_crypto_data((<bound method fetchOHLCV.fetch_cryptocompare_minute_data of <clthistoricaldata.logical.fetchOHLCV.fetchOHLCV object at 0x7fb99c5ff6d0>>, 5))
 message: fetched data successfully.

WARNING 2024-07-14 19:06:00,109 fetchOHLCV fetch_cryptocompare_data() raised warning for https://min-api.cryptocompare.com/data/v2/histominute. 
 Exception: Expecting value: line 1 column 1 (char 0) 

CRITICAL 2024-07-14 19:06:01,276 fetchOHLCV fetch_concat_crypto_data((<bound method fetchOHLCV.fetch_cryptocompare_minute_data of <clthistoricaldata.logical.fetchOHLCV.fetchOHLCV object at 0x7fb99c5ff6d0>>, 15)) raised error at 5 iteration. 
 Exception: 'NoneType' object is not subscriptable 

INFO 2024-07-14 19:06:04,615 fetchOHLCV fetch_concat_crypto_data((<bound method fetchOHLCV.fetch_cryptocompare_hour_data of <clthistoricaldata.logical.fetchOHLCV.fetchOHLCV object at 0x7fb99c5ff6d0>>, 1))
 message: fetched data successfully.

INFO 2024-07-14 19:06:10,393 fetchOHLCV fetch_concat_crypto_data((<bound method fetchOHLCV.fetch_cryptocompare_hour_data of <clthistoricaldata.logical.fetchOHLCV.fetchOHLCV object at 0x7fb99c5ff6d0>>, 4))
 message: fetched data successfully.

INFO 2024-07-14 19:06:15,624 fetchOHLCV fetch_concat_crypto_data((<bound method fetchOHLCV.fetch_cryptocompare_daily_data of <clthistoricaldata.logical.fetchOHLCV.fetchOHLCV object at 0x7fb99c5ff6d0>>, 1))
 message: fetched data successfully.

INFO 2024-07-14 19:07:55,985 fetchOHLCV fetch_concat_crypto_data((<bound method fetchOHLCV.fetch_cryptocompare_minute_data of <clthistoricaldata.logical.fetchOHLCV.fetchOHLCV object at 0x7f6f89f0afd0>>, 5))
 message: fetched data successfully.

INFO 2024-07-14 19:08:05,107 fetchOHLCV fetch_concat_crypto_data((<bound method fetchOHLCV.fetch_cryptocompare_minute_data of <clthistoricaldata.logical.fetchOHLCV.fetchOHLCV object at 0x7f6f89f0afd0>>, 15))
 message: fetched data successfully.

INFO 2024-07-14 19:08:09,087 fetchOHLCV fetch_concat_crypto_data((<bound method fetchOHLCV.fetch_cryptocompare_hour_data of <clthistoricaldata.logical.fetchOHLCV.fetchOHLCV object at 0x7f6f89f0afd0>>, 1))
 message: fetched data successfully.

INFO 2024-07-14 19:08:14,937 fetchOHLCV fetch_concat_crypto_data((<bound method fetchOHLCV.fetch_cryptocompare_hour_data of <clthistoricaldata.logical.fetchOHLCV.fetchOHLCV object at 0x7f6f89f0afd0>>, 4))
 message: fetched data successfully.

INFO 2024-07-14 19:08:21,117 fetchOHLCV fetch_concat_crypto_data((<bound method fetchOHLCV.fetch_cryptocompare_daily_data of <clthistoricaldata.logical.fetchOHLCV.fetchOHLCV object at 0x7f6f89f0afd0>>, 1))
 message: fetched data successfully.

INFO 2024-07-14 19:09:45,656 fetchOHLCV fetch_concat_crypto_data((<bound method fetchOHLCV.fetch_cryptocompare_minute_data of <clthistoricaldata.logical.fetchOHLCV.fetchOHLCV object at 0x7f9cc4a8f150>>, 5))
 message: fetched data successfully.

INFO 2024-07-14 19:09:52,067 fetchOHLCV fetch_concat_crypto_data((<bound method fetchOHLCV.fetch_cryptocompare_minute_data of <clthistoricaldata.logical.fetchOHLCV.fetchOHLCV object at 0x7f9cc4a8f150>>, 15))
 message: fetched data successfully.

INFO 2024-07-14 19:09:55,421 fetchOHLCV fetch_concat_crypto_data((<bound method fetchOHLCV.fetch_cryptocompare_hour_data of <clthistoricaldata.logical.fetchOHLCV.fetchOHLCV object at 0x7f9cc4a8f150>>, 1))
 message: fetched data successfully.

INFO 2024-07-14 19:10:02,466 fetchOHLCV fetch_concat_crypto_data((<bound method fetchOHLCV.fetch_cryptocompare_hour_data of <clthistoricaldata.logical.fetchOHLCV.fetchOHLCV object at 0x7f9cc4a8f150>>, 4))
 message: fetched data successfully.

INFO 2024-07-14 19:10:06,520 fetchOHLCV fetch_concat_crypto_data((<bound method fetchOHLCV.fetch_cryptocompare_daily_data of <clthistoricaldata.logical.fetchOHLCV.fetchOHLCV object at 0x7f9cc4a8f150>>, 1))
 message: fetched data successfully.

INFO 2024-07-14 19:12:08,484 fetchOHLCV fetch_concat_crypto_data((<bound method fetchOHLCV.fetch_cryptocompare_minute_data of <clthistoricaldata.logical.fetchOHLCV.fetchOHLCV object at 0x7ff9b61518d0>>, 5))
 message: fetched data successfully.

WARNING 2024-07-14 19:12:23,672 shortIndicators get_Data_Ready_For_Indicator() raised warning. 
 Exception: list indices must be integers or slices, not str
INFO 2024-07-14 19:13:12,838 fetchOHLCV fetch_concat_crypto_data((<bound method fetchOHLCV.fetch_cryptocompare_minute_data of <clthistoricaldata.logical.fetchOHLCV.fetchOHLCV object at 0x7f86494ff790>>, 5))
 message: fetched data successfully.

INFO 2024-07-14 19:13:17,965 fetchOHLCV fetch_concat_crypto_data((<bound method fetchOHLCV.fetch_cryptocompare_minute_data of <clthistoricaldata.logical.fetchOHLCV.fetchOHLCV object at 0x7f86494ff790>>, 15))
 message: fetched data successfully.

INFO 2024-07-14 19:13:22,131 fetchOHLCV fetch_concat_crypto_data((<bound method fetchOHLCV.fetch_cryptocompare_hour_data of <clthistoricaldata.logical.fetchOHLCV.fetchOHLCV object at 0x7f86494ff790>>, 1))
 message: fetched data successfully.

INFO 2024-07-14 19:13:27,879 fetchOHLCV fetch_concat_crypto_data((<bound method fetchOHLCV.fetch_cryptocompare_hour_data of <clthistoricaldata.logical.fetchOHLCV.fetchOHLCV object at 0x7f86494ff790>>, 4))
 message: fetched data successfully.

INFO 2024-07-14 19:13:31,056 fetchOHLCV fetch_concat_crypto_data((<bound method fetchOHLCV.fetch_cryptocompare_daily_data of <clthistoricaldata.logical.fetchOHLCV.fetchOHLCV object at 0x7f86494ff790>>, 1))
 message: fetched data successfully.

INFO 2024-07-15 12:34:19,524 fetchOHLCV fetch_concat_crypto_data((<bound method fetchOHLCV.fetch_cryptocompare_minute_data of <clthistoricaldata.logical.fetchOHLCV.fetchOHLCV object at 0x7fb5d1af0610>>, 5))
 message: fetched data successfully.

WARNING 2024-07-15 12:38:11,469 shortIndicators get_Data_Ready_For_Indicator() raised warning. 
 Exception: name 'filter_ema_indicator_data' is not defined
INFO 2024-07-15 12:38:53,034 fetchOHLCV fetch_concat_crypto_data((<bound method fetchOHLCV.fetch_cryptocompare_minute_data of <clthistoricaldata.logical.fetchOHLCV.fetchOHLCV object at 0x7f994bbea290>>, 5))
 message: fetched data successfully.

WARNING 2024-07-15 12:40:33,997 shortIndicators get_Data_Ready_For_Indicator() raised warning. 
 Exception: "['timestamp'] not in index"
INFO 2024-07-15 12:41:46,748 fetchOHLCV fetch_concat_crypto_data((<bound method fetchOHLCV.fetch_cryptocompare_minute_data of <clthistoricaldata.logical.fetchOHLCV.fetchOHLCV object at 0x7f96b94d14d0>>, 15))
 message: fetched data successfully.

INFO 2024-07-15 12:49:49,343 fetchOHLCV fetch_concat_crypto_data((<bound method fetchOHLCV.fetch_cryptocompare_minute_data of <clthistoricaldata.logical.fetchOHLCV.fetchOHLCV object at 0x7fc749c84e90>>, 15))
 message: fetched data successfully.

INFO 2024-07-15 12:52:56,143 fetchOHLCV fetch_concat_crypto_data((<bound method fetchOHLCV.fetch_cryptocompare_minute_data of <clthistoricaldata.logical.fetchOHLCV.fetchOHLCV object at 0x7f361c9840d0>>, 15))
 message: fetched data successfully.

WARNING 2024-07-15 13:00:37,042 shortIndicators get_Data_Ready_For_Indicator() raised warning. 
 Exception: list indices must be integers or slices, not str
INFO 2024-07-15 13:01:07,139 fetchOHLCV fetch_concat_crypto_data((<bound method fetchOHLCV.fetch_cryptocompare_minute_data of <clthistoricaldata.logical.fetchOHLCV.fetchOHLCV object at 0x7f2e97491610>>, 15))
 message: fetched data successfully.

INFO 2024-07-15 13:01:07,148 shortIndicators get_Data_Ready_For_Indicator() executed successfully. 
 message: indicator created successfully. 
INFO 2024-07-15 13:03:16,306 fetchOHLCV fetch_concat_crypto_data((<bound method fetchOHLCV.fetch_cryptocompare_minute_data of <clthistoricaldata.logical.fetchOHLCV.fetchOHLCV object at 0x7f2e969017d0>>, 15))
 message: fetched data successfully.

INFO 2024-07-15 13:03:16,314 shortIndicators get_Data_Ready_For_Indicator() executed successfully. 
 message: indicator created successfully. 
INFO 2024-07-15 13:04:13,595 fetchOHLCV fetch_concat_crypto_data((<bound method fetchOHLCV.fetch_cryptocompare_minute_data of <clthistoricaldata.logical.fetchOHLCV.fetchOHLCV object at 0x7f2e97334610>>, 15))
 message: fetched data successfully.

INFO 2024-07-15 13:04:13,603 shortIndicators get_Data_Ready_For_Indicator() executed successfully. 
 message: indicator created successfully. 
INFO 2024-07-15 13:08:42,531 fetchOHLCV fetch_concat_crypto_data((<bound method fetchOHLCV.fetch_cryptocompare_minute_data of <clthistoricaldata.logical.fetchOHLCV.fetchOHLCV object at 0x7f9264577ad0>>, 15))
 message: fetched data successfully.

INFO 2024-07-15 13:09:20,917 shortIndicators get_Data_Ready_For_Indicator() executed successfully. 
 message: indicator created successfully. 
INFO 2024-07-15 13:12:05,159 fetchOHLCV fetch_concat_crypto_data((<bound method fetchOHLCV.fetch_cryptocompare_minute_data of <clthistoricaldata.logical.fetchOHLCV.fetchOHLCV object at 0x7fa731765a10>>, 15))
 message: fetched data successfully.

INFO 2024-07-15 13:14:06,000 fetchOHLCV fetch_concat_crypto_data((<bound method fetchOHLCV.fetch_cryptocompare_minute_data of <clthistoricaldata.logical.fetchOHLCV.fetchOHLCV object at 0x7feabd11df10>>, 15))
 message: fetched data successfully.

INFO 2024-07-15 13:14:06,009 shortIndicators get_Data_Ready_For_Indicator() executed successfully. 
 message: indicator created successfully. 
INFO 2024-07-15 13:14:19,842 fetchOHLCV fetch_concat_crypto_data((<bound method fetchOHLCV.fetch_cryptocompare_minute_data of <clthistoricaldata.logical.fetchOHLCV.fetchOHLCV object at 0x7feabd2c32d0>>, 15))
 message: fetched data successfully.

INFO 2024-07-15 13:14:19,850 shortIndicators get_Data_Ready_For_Indicator() executed successfully. 
 message: indicator created successfully. 
INFO 2024-07-15 13:15:55,351 fetchOHLCV fetch_concat_crypto_data((<bound method fetchOHLCV.fetch_cryptocompare_minute_data of <clthistoricaldata.logical.fetchOHLCV.fetchOHLCV object at 0x7feabd195510>>, 15))
 message: fetched data successfully.

INFO 2024-07-15 13:15:55,358 shortIndicators get_Data_Ready_For_Indicator() executed successfully. 
 message: indicator created successfully. 
INFO 2024-07-15 13:16:00,276 fetchOHLCV fetch_concat_crypto_data((<bound method fetchOHLCV.fetch_cryptocompare_minute_data of <clthistoricaldata.logical.fetchOHLCV.fetchOHLCV object at 0x7feabd13b650>>, 15))
 message: fetched data successfully.

INFO 2024-07-15 13:16:00,284 shortIndicators get_Data_Ready_For_Indicator() executed successfully. 
 message: indicator created successfully. 
WARNING 2024-07-15 13:19:08,833 shortIndicators get_Data_Ready_For_Indicator() raised warning. 
 Exception: list indices must be integers or slices, not str
WARNING 2024-07-15 13:19:14,975 shortIndicators get_Data_Ready_For_Indicator() raised warning. 
 Exception: list indices must be integers or slices, not str
WARNING 2024-07-15 13:19:18,945 shortIndicators get_Data_Ready_For_Indicator() raised warning. 
 Exception: list indices must be integers or slices, not str
WARNING 2024-07-15 13:19:49,971 shortIndicators get_Data_Ready_For_Indicator() raised warning. 
 Exception: list indices must be integers or slices, not str
WARNING 2024-07-15 13:21:03,802 shortIndicators get_Data_Ready_For_Indicator() raised warning. 
 Exception: list indices must be integers or slices, not str
WARNING 2024-07-15 13:21:10,071 shortIndicators get_Data_Ready_For_Indicator() raised warning. 
 Exception: list indices must be integers or slices, not str
INFO 2024-07-15 13:21:17,047 fetchOHLCV fetch_concat_crypto_data((<bound method fetchOHLCV.fetch_cryptocompare_minute_data of <clthistoricaldata.logical.fetchOHLCV.fetchOHLCV object at 0x7fec18fb6e10>>, 5))
 message: fetched data successfully.

INFO 2024-07-15 13:21:17,056 shortIndicators get_Data_Ready_For_Indicator() executed successfully. 
 message: indicator created successfully. 
WARNING 2024-07-15 13:21:34,499 shortIndicators get_Data_Ready_For_Indicator() raised warning. 
 Exception: list indices must be integers or slices, not str
INFO 2024-07-15 13:21:59,041 fetchOHLCV fetch_concat_crypto_data((<bound method fetchOHLCV.fetch_cryptocompare_hour_data of <clthistoricaldata.logical.fetchOHLCV.fetchOHLCV object at 0x7fec1914c850>>, 4))
 message: fetched data successfully.

INFO 2024-07-15 13:21:59,047 shortIndicators get_Data_Ready_For_Indicator() executed successfully. 
 message: indicator created successfully. 
INFO 2024-07-15 13:22:05,629 fetchOHLCV fetch_concat_crypto_data((<bound method fetchOHLCV.fetch_cryptocompare_daily_data of <clthistoricaldata.logical.fetchOHLCV.fetchOHLCV object at 0x7fec19107390>>, 1))
 message: fetched data successfully.

INFO 2024-07-15 13:22:05,636 shortIndicators get_Data_Ready_For_Indicator() executed successfully. 
 message: indicator created successfully. 
INFO 2024-07-15 13:26:31,515 fetchOHLCV fetch_concat_crypto_data((<bound method fetchOHLCV.fetch_cryptocompare_daily_data of <clthistoricaldata.logical.fetchOHLCV.fetchOHLCV object at 0x7f0af2f7df50>>, 1))
 message: fetched data successfully.

INFO 2024-07-15 13:26:31,523 shortIndicators get_Data_Ready_For_Indicator() executed successfully. 
 message: indicator created successfully. 
INFO 2024-07-15 13:57:45,411 fetchOHLCV fetch_concat_crypto_data((<bound method fetchOHLCV.fetch_cryptocompare_daily_data of <clthistoricaldata.logical.fetchOHLCV.fetchOHLCV object at 0x7fa041c23ed0>>, 1))
 message: fetched data successfully.

INFO 2024-07-15 13:58:04,457 fetchTimeframes get_Data_Ready_For_Indicator() executed successfully. 
 message: indicator created successfully. 
WARNING 2024-07-15 13:58:21,098 fetchTimeframes get_Data_Ready_For_Indicator() raised warning. 
 Exception: 'designIndicator' object has no attribute 'ohlcv_data'
INFO 2024-07-15 14:00:16,772 fetchOHLCV fetch_concat_crypto_data((<bound method fetchOHLCV.fetch_cryptocompare_daily_data of <clthistoricaldata.logical.fetchOHLCV.fetchOHLCV object at 0x7f0b04172a10>>, 1))
 message: fetched data successfully.

INFO 2024-07-15 14:00:22,530 fetchTimeframes get_Data_Ready_For_Indicator() executed successfully. 
 message: indicator created successfully. 
WARNING 2024-07-15 14:01:31,417 fetchTimeframes get_Data_Ready_For_Indicator() raised warning. 
 Exception: designIndicator.EMA_Indication() takes 1 positional argument but 2 were given
INFO 2024-07-15 14:03:26,281 fetchOHLCV fetch_concat_crypto_data((<bound method fetchOHLCV.fetch_cryptocompare_daily_data of <clthistoricaldata.logical.fetchOHLCV.fetchOHLCV object at 0x7fb1c22ec050>>, 1))
 message: fetched data successfully.

INFO 2024-07-15 14:03:30,664 fetchTimeframes get_Data_Ready_For_Indicator() executed successfully. 
 message: indicator created successfully. 
WARNING 2024-07-15 14:04:51,599 fetchTimeframes get_Data_Ready_For_Indicator() raised warning. 
 Exception: designIndicator.EMA_Indication() takes 1 positional argument but 2 were given
INFO 2024-07-15 14:05:07,950 fetchOHLCV fetch_concat_crypto_data((<bound method fetchOHLCV.fetch_cryptocompare_daily_data of <clthistoricaldata.logical.fetchOHLCV.fetchOHLCV object at 0x7f54b2ef8190>>, 1))
 message: fetched data successfully.

INFO 2024-07-15 14:05:08,953 fetchTimeframes get_Data_Ready_For_Indicator() executed successfully. 
 message: indicator created successfully. 
WARNING 2024-07-15 14:06:24,127 fetchTimeframes get_Data_Ready_For_Indicator() raised warning. 
 Exception: designIndicator.EMA_Indication() takes 1 positional argument but 2 were given
INFO 2024-07-15 14:06:50,251 fetchOHLCV fetch_concat_crypto_data((<bound method fetchOHLCV.fetch_cryptocompare_daily_data of <clthistoricaldata.logical.fetchOHLCV.fetchOHLCV object at 0x7f7a9c9ff890>>, 1))
 message: fetched data successfully.

INFO 2024-07-15 14:06:50,274 fetchTimeframes get_Data_Ready_For_Indicator() executed successfully. 
 message: indicator created successfully. 
WARNING 2024-07-15 14:07:34,385 fetchTimeframes get_Data_Ready_For_Indicator() raised warning. 
 Exception: designIndicator.EMA_Indication() takes 1 positional argument but 2 were given
INFO 2024-07-15 14:07:47,412 fetchOHLCV fetch_concat_crypto_data((<bound method fetchOHLCV.fetch_cryptocompare_daily_data of <clthistoricaldata.logical.fetchOHLCV.fetchOHLCV object at 0x7f3c38107310>>, 1))
 message: fetched data successfully.

INFO 2024-07-15 14:07:47,436 fetchTimeframes get_Data_Ready_For_Indicator() executed successfully. 
 message: indicator created successfully. 
INFO 2024-07-15 14:11:03,272 fetchOHLCV fetch_concat_crypto_data((<bound method fetchOHLCV.fetch_cryptocompare_hour_data of <clthistoricaldata.logical.fetchOHLCV.fetchOHLCV object at 0x7f97da3ba3d0>>, 1))
 message: fetched data successfully.

INFO 2024-07-15 14:11:03,294 fetchTimeframes get_Data_Ready_For_Indicator() executed successfully. 
 message: indicator created successfully. 
INFO 2024-07-15 14:13:43,124 fetchOHLCV fetch_concat_crypto_data((<bound method fetchOHLCV.fetch_cryptocompare_hour_data of <clthistoricaldata.logical.fetchOHLCV.fetchOHLCV object at 0x7efe59160350>>, 1))
 message: fetched data successfully.

INFO 2024-07-15 14:13:45,752 fetchTimeframes get_Data_Ready_For_Indicator() executed successfully. 
 message: indicator created successfully. 
INFO 2024-07-15 14:24:25,730 fetchOHLCV fetch_concat_crypto_data((<bound method fetchOHLCV.fetch_cryptocompare_hour_data of <clthistoricaldata.logical.fetchOHLCV.fetchOHLCV object at 0x7f0a339fbc10>>, 1))
 message: fetched data successfully.

INFO 2024-07-15 14:24:25,754 fetchTimeframes get_Data_Ready_For_Indicator() executed successfully. 
 message: indicator created successfully. 
INFO 2024-07-15 14:24:51,999 fetchOHLCV fetch_concat_crypto_data((<bound method fetchOHLCV.fetch_cryptocompare_hour_data of <clthistoricaldata.logical.fetchOHLCV.fetchOHLCV object at 0x7f2b9c35d550>>, 1))
 message: fetched data successfully.

INFO 2024-07-15 14:24:52,021 fetchTimeframes get_Data_Ready_For_Indicator() executed successfully. 
 message: indicator created successfully. 
INFO 2024-07-15 14:26:05,691 fetchOHLCV fetch_concat_crypto_data((<bound method fetchOHLCV.fetch_cryptocompare_hour_data of <clthistoricaldata.logical.fetchOHLCV.fetchOHLCV object at 0x7f9eba64e150>>, 1))
 message: fetched data successfully.

INFO 2024-07-15 14:26:05,713 fetchTimeframes get_Data_Ready_For_Indicator() executed successfully. 
 message: indicator created successfully. 
INFO 2024-07-15 14:29:57,883 fetchOHLCV fetch_concat_crypto_data((<bound method fetchOHLCV.fetch_cryptocompare_hour_data of <clthistoricaldata.logical.fetchOHLCV.fetchOHLCV object at 0x7fb4ba328f90>>, 1))
 message: fetched data successfully.

INFO 2024-07-15 14:29:57,906 fetchTimeframes get_Data_Ready_For_Indicator() executed successfully. 
 message: indicator created successfully. 
INFO 2024-07-15 16:18:10,112 fetchOHLCV fetch_concat_crypto_data((<bound method fetchOHLCV.fetch_cryptocompare_hour_data of <clthistoricaldata.logical.fetchOHLCV.fetchOHLCV object at 0x7f2cae3a72d0>>, 1))
 message: fetched data successfully.

INFO 2024-07-15 16:18:10,135 fetchTimeframes get_Data_Ready_For_Indicator() executed successfully. 
 message: indicator created successfully. 
INFO 2024-07-15 16:18:46,770 fetchOHLCV fetch_concat_crypto_data((<bound method fetchOHLCV.fetch_cryptocompare_hour_data of <clthistoricaldata.logical.fetchOHLCV.fetchOHLCV object at 0x7f3e4f70c3d0>>, 1))
 message: fetched data successfully.

INFO 2024-07-15 16:18:46,793 fetchTimeframes get_Data_Ready_For_Indicator() executed successfully. 
 message: indicator created successfully. 
INFO 2024-07-15 16:28:44,257 fetchOHLCV fetch_concat_crypto_data((<bound method fetchOHLCV.fetch_cryptocompare_minute_data of <clthistoricaldata.logical.fetchOHLCV.fetchOHLCV object at 0x7f99ac7ebdd0>>, 5))
 message: fetched data successfully.

INFO 2024-07-15 16:28:44,285 fetchTimeframes get_Data_Ready_For_Indicator() executed successfully. 
 message: indicator created successfully. 
INFO 2024-07-15 16:32:44,415 fetchOHLCV fetch_concat_crypto_data((<bound method fetchOHLCV.fetch_cryptocompare_minute_data of <clthistoricaldata.logical.fetchOHLCV.fetchOHLCV object at 0x7f99abd3c810>>, 5))
 message: fetched data successfully.

INFO 2024-07-15 16:32:44,438 fetchTimeframes get_Data_Ready_For_Indicator() executed successfully. 
 message: indicator created successfully. 
